==== Cycle 1 ====

The method '[Method] okhttp3.MultipartBody.Part convertFileToMultipart(java.lang.String name, java.lang.String absolutePath)' was removed because the Java return type 'okhttp3.MultipartBody.Part' could not be found.
The constructor 'Constructor: com.bglobal.app.data.repository.data.DataRepoImpl.Companion.DataRepoImpl.Companion' was removed because the Java parameter type 'kotlin.jvm.internal.DefaultConstructorMarker' could not be found.
The constructor 'Constructor: com.bglobal.app.data.repository.resource.ResourceRepoImpl.Companion.ResourceRepoImpl.Companion' was removed because the Java parameter type 'kotlin.jvm.internal.DefaultConstructorMarker' could not be found.
The method '[Method] retrofit2.Call<com.bglobal.app.data.source.remote.api.model.base.BaseApiResponse> login(java.lang.String userId)' was removed because the Java return type 'retrofit2.Call<com.bglobal.app.data.source.remote.api.model.base.BaseApiResponse>' could not be found.
The method '[Method] retrofit2.Call<com.bglobal.app.data.source.remote.api.model.base.BaseApiResponse> updatePermission(java.lang.String attachmentId, java.util.List<java.lang.String> userIdList)' was removed because the Java return type 'retrofit2.Call<com.bglobal.app.data.source.remote.api.model.base.BaseApiResponse>' could not be found.
The method '[Method] retrofit2.Call<com.bglobal.app.data.source.remote.api.model.base.BaseApiResponse> backup(java.lang.String attachmentId, java.lang.String passcode, okhttp3.MultipartBody.Part uploadFile)' was removed because the Java return type 'retrofit2.Call<com.bglobal.app.data.source.remote.api.model.base.BaseApiResponse>' could not be found.
The method '[Method] retrofit2.Call<com.bglobal.app.data.source.remote.api.model.base.BaseApiResponse> restore(java.lang.String attachmentId, java.lang.String passcode, okhttp3.MultipartBody.Part uploadFile)' was removed because the Java return type 'retrofit2.Call<com.bglobal.app.data.source.remote.api.model.base.BaseApiResponse>' could not be found.
The method '[Method] retrofit2.Call<com.bglobal.app.data.source.remote.api.model.base.BaseApiResponse> get(java.lang.String attachmentId)' was removed because the Java return type 'retrofit2.Call<com.bglobal.app.data.source.remote.api.model.base.BaseApiResponse>' could not be found.
The method '[Method] retrofit2.Call<com.bglobal.app.data.source.remote.api.model.base.BaseApiResponse> upload(java.lang.String attachmentId, java.util.List<java.lang.String> userIdList, okhttp3.MultipartBody.Part uploadFile)' was removed because the Java return type 'retrofit2.Call<com.bglobal.app.data.source.remote.api.model.base.BaseApiResponse>' could not be found.
The method '[Method] okhttp3.Authenticator getAuthenticator()' was removed because the Java return type 'okhttp3.Authenticator' could not be found.
The method '[Method] okhttp3.Interceptor[] getInterceptorList()' was removed because the Java return type 'okhttp3.Interceptor[]' could not be found.
The class '[Class] com.bglobal.app.data.source.remote.network.AppRetrofitConfig.AppAuthenticator' was removed because the Java implemented interface type 'okhttp3.Authenticator' could not be found.
The method '[Method] java.lang.Object access$getSynchronizedLocked$p()' was removed because its name contains a dollar sign.
The method '[Method] okhttp3.Authenticator getAuthenticator()' was removed because the Java return type 'okhttp3.Authenticator' could not be found.
The method '[Method] okhttp3.Interceptor[] getInterceptorList()' was removed because the Java return type 'okhttp3.Interceptor[]' could not be found.
The method '[Method] retrofit2.Retrofit getRetrofit()' was removed because the Java return type 'retrofit2.Retrofit' could not be found.
The method '[Method] retrofit2.Retrofit.Builder getRetrofitBuilder()' was removed because the Java return type 'retrofit2.Retrofit.Builder' could not be found.
The method '[Method] com.bglobal.app.utils.exception.AppException throwException(retrofit2.Response<?> response)' was removed because the Java parameter type 'retrofit2.Response' could not be found.
The method '[Method] RETURN_VALUE invokeApi<RESPONSE, RETURN_VALUE>(retrofit2.Call<RESPONSE> obj, kotlin.jvm.functions.Function2<? super okhttp3.Headers, ? super RESPONSE, ? extends RETURN_VALUE> block)' was removed because the Java parameter type 'retrofit2.Call' could not be found.
The method '[Method] RETURN_VALUE invokeApi<RESPONSE, RETURN_VALUE>(retrofit2.Call<RESPONSE> obj, kotlin.jvm.functions.Function2<? super okhttp3.Headers, ? super RESPONSE, ? extends RETURN_VALUE> block)' was removed because the Java parameter type 'kotlin.jvm.functions.Function2' could not be found.
The method '[Method] retrofit2.Retrofit.Builder getBuilder()' was removed because the Java return type 'retrofit2.Retrofit.Builder' could not be found.
The method '[Method] void setBuilder(retrofit2.Retrofit.Builder value)' was removed because the Java parameter type 'retrofit2.Retrofit.Builder' could not be found.
The method '[Method] com.bglobal.app.domain.model.auth.AccountInfo copy$default(com.bglobal.app.domain.model.auth.AccountInfo p0, java.lang.String p1, java.lang.String p2, int p3, java.lang.Object p4)' was removed because its name contains a dollar sign.
The method '[Method] com.bglobal.app.domain.model.resource.FileInfo copy$default(com.bglobal.app.domain.model.resource.FileInfo p0, java.lang.String p1, int p2, java.lang.Object p3)' was removed because its name contains a dollar sign.
The constructor 'Constructor: com.bglobal.app.utils.exception.AppException.Companion.AppException.Companion' was removed because the Java parameter type 'kotlin.jvm.internal.DefaultConstructorMarker' could not be found.
The method '[Method] android.app.Application access$getApplication$p()' was removed because its name contains a dollar sign.
The method '[Method] void access$setApplication$p(android.app.Application <set-?>)' was removed because its name contains a dollar sign.
The method '[Method] int getAppColor$default(int p0, android.content.Context p1, int p2, java.lang.Object p3)' was removed because its name contains a dollar sign.
The method '[Method] float getAppDimension$default(int p0, android.content.Context p1, int p2, java.lang.Object p3)' was removed because its name contains a dollar sign.
The method '[Method] int getAppDimensionPixel$default(int p0, android.content.Context p1, int p2, java.lang.Object p3)' was removed because its name contains a dollar sign.
The method '[Method] android.graphics.drawable.Drawable getAppDrawable$default(int p0, android.content.Context p1, int p2, java.lang.Object p3)' was removed because its name contains a dollar sign.
The method '[Method] android.graphics.Typeface getAppFont$default(int p0, android.content.Context p1, int p2, java.lang.Object p3)' was removed because its name contains a dollar sign.
The method '[Method] android.text.SpannableString getAppSpannableString$default(int p0, android.content.Context p1, int p2, java.lang.Object p3)' was removed because its name contains a dollar sign.
The method '[Method] java.lang.String getAppString$default(int p0, android.content.Context p1, int p2, java.lang.Object p3)' was removed because its name contains a dollar sign.
The method '[Method] java.lang.String getAppString$default(int p0, java.lang.Object[] p1, android.content.Context p2, int p3, java.lang.Object p4)' was removed because its name contains a dollar sign.
The method '[Method] float getAppTextSize$default(int p0, android.content.Context p1, int p2, java.lang.Object p3)' was removed because its name contains a dollar sign.
The method '[Method] java.lang.String takeFirstChar$default(java.lang.String p0, boolean p1, int p2, java.lang.Object p3)' was removed because its name contains a dollar sign.
The method '[Method] kotlinx.coroutines.Job coroutinesDoJob$default(kotlinx.coroutines.CoroutineScope p0, kotlinx.coroutines.CoroutineDispatcher p1, kotlinx.coroutines.CoroutineDispatcher p2, long p3, kotlin.jvm.functions.Function1 p4, kotlin.jvm.functions.Function1 p5, int p6, java.lang.Object p7)' was removed because its name contains a dollar sign.
The method '[Method] kotlinx.coroutines.Job coroutinesDoJob<T>(kotlinx.coroutines.CoroutineScope obj, kotlinx.coroutines.CoroutineDispatcher dispatcherIn, kotlinx.coroutines.CoroutineDispatcher dispatcherOut, long delay, kotlin.jvm.functions.Function1<? super kotlinx.coroutines.CoroutineScope, ? extends T> doIn, kotlin.jvm.functions.Function1<? super T, kotlin.Unit> doOut)' was removed because the Java return type 'kotlinx.coroutines.Job' could not be found.
The method '[Method] void doJob$default(kotlinx.coroutines.CoroutineDispatcher p0, kotlinx.coroutines.CoroutineDispatcher p1, long p2, kotlin.jvm.functions.Function1 p3, kotlin.jvm.functions.Function1 p4, int p5, java.lang.Object p6)' was removed because its name contains a dollar sign.
The method '[Method] kotlinx.coroutines.Job doJob(kotlin.jvm.functions.Function2<? super kotlinx.coroutines.CoroutineScope, ? super kotlin.coroutines.Continuation<? super kotlin.Unit>, ? extends java.lang.Object> doIn)' was removed because the Java return type 'kotlinx.coroutines.Job' could not be found.
The method '[Method] void doJob<T>(kotlinx.coroutines.CoroutineDispatcher dispatcherIn, kotlinx.coroutines.CoroutineDispatcher dispatcherOut, long delay, kotlin.jvm.functions.Function1<? super kotlinx.coroutines.CoroutineScope, ? extends T> doIn, kotlin.jvm.functions.Function1<? super T, kotlin.Unit> doOut)' was removed because the Java parameter type 'kotlinx.coroutines.CoroutineDispatcher' could not be found.
The method '[Method] void doJob<T>(kotlinx.coroutines.CoroutineDispatcher dispatcherIn, kotlinx.coroutines.CoroutineDispatcher dispatcherOut, long delay, kotlin.jvm.functions.Function1<? super kotlinx.coroutines.CoroutineScope, ? extends T> doIn, kotlin.jvm.functions.Function1<? super T, kotlin.Unit> doOut)' was removed because the Java parameter type 'kotlinx.coroutines.CoroutineDispatcher' could not be found.
The method '[Method] void doJob<T>(kotlinx.coroutines.CoroutineDispatcher dispatcherIn, kotlinx.coroutines.CoroutineDispatcher dispatcherOut, long delay, kotlin.jvm.functions.Function1<? super kotlinx.coroutines.CoroutineScope, ? extends T> doIn, kotlin.jvm.functions.Function1<? super T, kotlin.Unit> doOut)' was removed because the Java parameter type 'kotlin.jvm.functions.Function1' could not be found.
The method '[Method] void doJob<T>(kotlinx.coroutines.CoroutineDispatcher dispatcherIn, kotlinx.coroutines.CoroutineDispatcher dispatcherOut, long delay, kotlin.jvm.functions.Function1<? super kotlinx.coroutines.CoroutineScope, ? extends T> doIn, kotlin.jvm.functions.Function1<? super T, kotlin.Unit> doOut)' was removed because the Java parameter type 'kotlin.jvm.functions.Function1' could not be found.
The method '[Method] kotlinx.coroutines.Job globalDoJob$default(kotlinx.coroutines.GlobalScope p0, kotlinx.coroutines.CoroutineDispatcher p1, kotlinx.coroutines.CoroutineDispatcher p2, long p3, kotlin.jvm.functions.Function1 p4, kotlin.jvm.functions.Function1 p5, int p6, java.lang.Object p7)' was removed because its name contains a dollar sign.
The method '[Method] kotlinx.coroutines.Job globalDoJob<T>(kotlinx.coroutines.GlobalScope obj, kotlinx.coroutines.CoroutineDispatcher dispatcherIn, kotlinx.coroutines.CoroutineDispatcher dispatcherOut, long delay, kotlin.jvm.functions.Function1<? super kotlinx.coroutines.CoroutineScope, ? extends T> doIn, kotlin.jvm.functions.Function1<? super T, kotlin.Unit> doOut)' was removed because the Java return type 'kotlinx.coroutines.Job' could not be found.
The method '[Method] java.lang.Object onCollectPostValue<T>(kotlinx.coroutines.flow.Flow<? extends T> obj, androidx.lifecycle.MutableLiveData<T> liveData, kotlin.coroutines.Continuation<? super kotlin.Unit> $completion)' was removed because the Java parameter type 'kotlinx.coroutines.flow.Flow' could not be found.
The method '[Method] java.lang.Object onCollectPostValue<T>(kotlinx.coroutines.flow.Flow<? extends T> obj, androidx.lifecycle.MutableLiveData<T> liveData, kotlin.coroutines.Continuation<? super kotlin.Unit> $completion)' was removed because the Java parameter type 'androidx.lifecycle.MutableLiveData' could not be found.
The method '[Method] java.lang.Object onCollectPostValue<T>(kotlinx.coroutines.flow.Flow<? extends T> obj, androidx.lifecycle.MutableLiveData<T> liveData, kotlin.coroutines.Continuation<? super kotlin.Unit> $completion)' was removed because the Java parameter type 'kotlin.coroutines.Continuation' could not be found.
The method '[Method] void runSafe$default(long p0, kotlin.jvm.functions.Function0 p1, int p2, java.lang.Object p3)' was removed because its name contains a dollar sign.
The method '[Method] void runSafe(long delay, kotlin.jvm.functions.Function0<kotlin.Unit> action)' was removed because the Java parameter type 'kotlin.jvm.functions.Function0' could not be found.
The method '[Method] kotlinx.coroutines.Job viewModelDoJob$default(androidx.lifecycle.ViewModel p0, long p1, kotlin.jvm.functions.Function2 p2, int p3, java.lang.Object p4)' was removed because its name contains a dollar sign.
The method '[Method] kotlinx.coroutines.Job viewModelDoJob$default(androidx.lifecycle.ViewModel p0, kotlinx.coroutines.CoroutineDispatcher p1, kotlinx.coroutines.CoroutineDispatcher p2, long p3, kotlin.jvm.functions.Function2 p4, kotlin.jvm.functions.Function2 p5, int p6, java.lang.Object p7)' was removed because its name contains a dollar sign.
The method '[Method] kotlinx.coroutines.Job viewModelDoJob(androidx.lifecycle.ViewModel obj, long delay, kotlin.jvm.functions.Function2<? super kotlinx.coroutines.CoroutineScope, ? super kotlin.coroutines.Continuation<? super kotlin.Unit>, ? extends java.lang.Object> doIn)' was removed because the Java return type 'kotlinx.coroutines.Job' could not be found.
The method '[Method] kotlinx.coroutines.Job viewModelDoJob<T>(androidx.lifecycle.ViewModel obj, kotlinx.coroutines.CoroutineDispatcher dispatcherIn, kotlinx.coroutines.CoroutineDispatcher dispatcherOut, long delay, kotlin.jvm.functions.Function2<? super T, ? super kotlin.coroutines.Continuation<? super kotlin.Unit>, ? extends java.lang.Object> doOut, kotlin.jvm.functions.Function2<? super kotlinx.coroutines.CoroutineScope, ? super kotlin.coroutines.Continuation<? super T>, ? extends java.lang.Object> doIn)' was removed because the Java return type 'kotlinx.coroutines.Job' could not be found.
The constructor 'Constructor: com.bglobal.app.utils.validate.MathValidate.Companion.MathValidate.Companion' was removed because the Java parameter type 'kotlin.jvm.internal.DefaultConstructorMarker' could not be found.
The constructor 'Constructor: com.bglobal.app.utils.validate.PasswordValidate.Companion.PasswordValidate.Companion' was removed because the Java parameter type 'kotlin.jvm.internal.DefaultConstructorMarker' could not be found.
The constructor 'Constructor: com.bglobal.app.utils.validate.UsernameValidate.Companion.UsernameValidate.Companion' was removed because the Java parameter type 'kotlin.jvm.internal.DefaultConstructorMarker' could not be found.
The method '[Method] android.app.Application access$getApplication$p(com.bglobal.base.base.common.BasePreference $this)' was removed because its name contains a dollar sign.
The method '[Method] java.lang.String access$getPREF_NAME$p(com.bglobal.base.base.common.BasePreference $this)' was removed because its name contains a dollar sign.
The method '[Method] void doSafeAction(kotlin.jvm.functions.Function0<kotlin.Unit> action)' was removed because the Java parameter type 'kotlin.jvm.functions.Function0' could not be found.
The method '[Method] kotlinx.coroutines.CoroutineDispatcher access$getDispatcher$p(com.bglobal.base.base.common.usecase.coroutines.FlowUseCase $this)' was removed because its name contains a dollar sign.
The method '[Method] java.lang.Object execute(REQUEST rv, kotlin.coroutines.Continuation<? super RESPONSE> p1)' was removed because the Java parameter type 'kotlin.coroutines.Continuation' could not be found.
The method '[Method] java.lang.Object invoke(REQUEST requestValue, kotlin.coroutines.Continuation<? super kotlinx.coroutines.flow.Flow<? extends RESPONSE>> $completion)' was removed because the Java parameter type 'kotlin.coroutines.Continuation' could not be found.
The class '[Class] com.bglobal.encryption.DataBinderMapperImpl' was removed because the Java base type 'androidx.databinding.DataBinderMapper' could not be found.

==== Cycle 2 ====

The class '[Class] com.bglobal.app.data.source.remote.network.AppRetrofitConfig.ContentTypeJson' was removed because the Java implemented interface type 'okhttp3.Interceptor' could not be found.

